*** Starting uWSGI 2.0.18 (64bit) on [Sat Jul 18 16:12:16 2020] ***
compiled with version: 7.5.0 on 10 March 2020 05:06:23
os: Linux-4.18.0-15-generic #16~18.04.1-Ubuntu SMP Thu Feb 7 14:06:04 UTC 2019
nodename: tedu
machine: x86_64
clock source: unix
detected number of CPU cores: 2
current working directory: /home/tarena/study/month03/django/day08/mysite7
writing pidfile to uwsgi.pid
detected binary path: /usr/local/bin/uwsgi
!!! no internal routing support, rebuild with pcre support !!!
chdir() to /home/tarena/study/month03/django/day08/mysite7
your processes number limit is 15429
your memory page size is 4096 bytes
detected max file descriptor number: 1024
lock engine: pthread robust mutexes
thunder lock: disabled (you can enable it with --thunder-lock)
uWSGI http bound on 127.0.0.1:8000 fd 4
uwsgi socket 0 bound to TCP address 127.0.0.1:45901 (port auto-assigned) fd 3
Python version: 3.6.9 (default, Apr 18 2020, 01:56:04)  [GCC 8.4.0]
Python main interpreter initialized at 0x55988c0c8350
python threads support enabled
your server socket listen backlog is limited to 100 connections
your mercy for graceful operations on workers is 60 seconds
mapped 166752 bytes (162 KB) for 2 cores
*** Operational MODE: threaded ***
WSGI app 0 (mountpoint='') ready in 0 seconds on interpreter 0x55988c0c8350 pid: 38978 (default app)
*** uWSGI is running in multiple interpreter mode ***
spawned uWSGI master process (pid: 38978)
spawned uWSGI worker 1 (pid: 38980, cores: 2)
spawned uWSGI http 1 (pid: 38982)
---MyMW process_request do---
---MyMW2 process_request do---
---MyMW process_view do---
---MyMW2 process_view do---
---MyMW2 process_response do---
---MyMW process_response do---
[pid: 38980|app: 0|req: 1/1] 127.0.0.1 () {38 vars in 786 bytes} [Sat Jul 18 16:14:12 2020] GET /test_upload_dj => generated 396 bytes in 121 msecs (HTTP/1.1 200) 3 headers in 109 bytes (1 switches on core 0)
---MyMW process_request do---
---MyMW2 process_request do---
---MyMW process_view do---
---MyMW2 process_view do---
---MyMW2 process_response do---
---MyMW process_response do---
[pid: 38980|app: 0|req: 2/2] 127.0.0.1 () {40 vars in 818 bytes} [Sat Jul 18 16:14:16 2020] GET /test_upload_dj => generated 396 bytes in 1 msecs (HTTP/1.1 200) 3 headers in 109 bytes (1 switches on core 1)
---MyMW process_request do---
---MyMW2 process_request do---
---MyMW process_view do---
---MyMW2 process_view do---
---MyMW2 process_response do---
---MyMW process_response do---
[pid: 38980|app: 0|req: 3/3] 127.0.0.1 () {40 vars in 818 bytes} [Sat Jul 18 16:14:17 2020] GET /test_upload_dj => generated 396 bytes in 1 msecs (HTTP/1.1 200) 3 headers in 109 bytes (1 switches on core 0)
---MyMW process_request do---
---MyMW2 process_request do---
---MyMW process_view do---
---MyMW2 process_view do---
---MyMW2 process_response do---
---MyMW process_response do---
[pid: 38980|app: 0|req: 4/4] 127.0.0.1 () {40 vars in 818 bytes} [Sat Jul 18 16:15:20 2020] GET /test_upload_dj => generated 396 bytes in 1 msecs (HTTP/1.1 200) 3 headers in 109 bytes (1 switches on core 0)
SIGINT/SIGQUIT received...killing workers...
gateway "uWSGI http 1" has been buried (pid: 38982)
worker 1 buried after 1 seconds
goodbye to uWSGI.
*** Starting uWSGI 2.0.18 (64bit) on [Sat Jul 18 17:54:23 2020] ***
compiled with version: 7.5.0 on 10 March 2020 05:06:23
os: Linux-4.18.0-15-generic #16~18.04.1-Ubuntu SMP Thu Feb 7 14:06:04 UTC 2019
nodename: tedu
machine: x86_64
clock source: unix
detected number of CPU cores: 2
current working directory: /home/tarena/study/month03/django/day08/mysite7
writing pidfile to uwsgi.pid
detected binary path: /usr/local/bin/uwsgi
!!! no internal routing support, rebuild with pcre support !!!
chdir() to /home/tarena/study/month03/django/day08/mysite7
your processes number limit is 15429
your memory page size is 4096 bytes
detected max file descriptor number: 1024
lock engine: pthread robust mutexes
thunder lock: disabled (you can enable it with --thunder-lock)
uwsgi socket 0 bound to TCP address 127.0.0.1:8000 fd 3
Python version: 3.6.9 (default, Apr 18 2020, 01:56:04)  [GCC 8.4.0]
Python main interpreter initialized at 0x5578cbe24260
python threads support enabled
your server socket listen backlog is limited to 100 connections
your mercy for graceful operations on workers is 60 seconds
mapped 166752 bytes (162 KB) for 2 cores
*** Operational MODE: threaded ***
WSGI app 0 (mountpoint='') ready in 0 seconds on interpreter 0x5578cbe24260 pid: 40083 (default app)
*** uWSGI is running in multiple interpreter mode ***
spawned uWSGI master process (pid: 40083)
spawned uWSGI worker 1 (pid: 40085, cores: 2)
invalid request block size: 21573 (max 4096)...skip
invalid request block size: 21573 (max 4096)...skip
invalid request block size: 21573 (max 4096)...skip
invalid request block size: 21573 (max 4096)...skip
invalid request block size: 21573 (max 4096)...skip
invalid request block size: 21573 (max 4096)...skip
invalid request block size: 21573 (max 4096)...skip
invalid request block size: 21573 (max 4096)...skip
invalid request block size: 21573 (max 4096)...skip
invalid request block size: 21573 (max 4096)...skip
invalid request block size: 21573 (max 4096)...skip
invalid request block size: 21573 (max 4096)...skip
invalid request block size: 21573 (max 4096)...skip
invalid request block size: 21573 (max 4096)...skip
invalid request block size: 21573 (max 4096)...skip
invalid request block size: 21573 (max 4096)...skip
invalid request block size: 21573 (max 4096)...skip
invalid request block size: 21573 (max 4096)...skip
invalid request block size: 21573 (max 4096)...skip
invalid request block size: 21573 (max 4096)...skip
invalid request block size: 21573 (max 4096)...skip
invalid request block size: 21573 (max 4096)...skip
invalid request block size: 21573 (max 4096)...skip
invalid request block size: 21573 (max 4096)...skip
invalid request block size: 21573 (max 4096)...skip
invalid request block size: 21573 (max 4096)...skip
invalid request block size: 21573 (max 4096)...skip
invalid request block size: 21573 (max 4096)...skip
invalid request block size: 21573 (max 4096)...skip
invalid request block size: 21573 (max 4096)...skip
invalid request block size: 21573 (max 4096)...skip
invalid request block size: 21573 (max 4096)...skip
invalid request block size: 21573 (max 4096)...skip
invalid request block size: 21573 (max 4096)...skip
invalid request block size: 21573 (max 4096)...skip
invalid request block size: 21573 (max 4096)...skip
invalid request block size: 21573 (max 4096)...skip
invalid request block size: 21573 (max 4096)...skip
invalid request block size: 21573 (max 4096)...skip
invalid request block size: 21573 (max 4096)...skip
invalid request block size: 21573 (max 4096)...skip
invalid request block size: 21573 (max 4096)...skip
invalid request block size: 21573 (max 4096)...skip
invalid request block size: 21573 (max 4096)...skip
invalid request block size: 21573 (max 4096)...skip
invalid request block size: 21573 (max 4096)...skip
invalid request block size: 21573 (max 4096)...skip
invalid request block size: 21573 (max 4096)...skip
invalid request block size: 21573 (max 4096)...skip
invalid request block size: 21573 (max 4096)...skip
invalid request block size: 21573 (max 4096)...skip
invalid request block size: 21573 (max 4096)...skip
invalid request block size: 21573 (max 4096)...skip
invalid request block size: 21573 (max 4096)...skip
invalid request block size: 21573 (max 4096)...skip
invalid request block size: 21573 (max 4096)...skip
invalid request block size: 21573 (max 4096)...skip
invalid request block size: 21573 (max 4096)...skip
invalid request block size: 21573 (max 4096)...skip
invalid request block size: 21573 (max 4096)...skip
invalid request block size: 21573 (max 4096)...skip
invalid request block size: 21573 (max 4096)...skip
invalid request block size: 21573 (max 4096)...skip
invalid request block size: 21573 (max 4096)...skip
invalid request block size: 21573 (max 4096)...skip
invalid request block size: 21573 (max 4096)...skip
invalid request block size: 21573 (max 4096)...skip
invalid request block size: 21573 (max 4096)...skip
invalid request block size: 21573 (max 4096)...skip
invalid request block size: 21573 (max 4096)...skip
invalid request block size: 21573 (max 4096)...skip
invalid request block size: 21573 (max 4096)...skip
invalid request block size: 21573 (max 4096)...skip
invalid request block size: 21573 (max 4096)...skip
invalid request block size: 21573 (max 4096)...skip
invalid request block size: 21573 (max 4096)...skip
invalid request block size: 21573 (max 4096)...skip
invalid request block size: 21573 (max 4096)...skip
invalid request block size: 21573 (max 4096)...skip
invalid request block size: 21573 (max 4096)...skip
---MyMW process_request do---
---MyMW2 process_request do---
---MyMW process_view do---
---MyMW2 process_view do---
---MyMW2 process_response do---
---MyMW process_response do---
[pid: 40085|app: 0|req: 1/1] 127.0.0.1 () {42 vars in 829 bytes} [Sat Jul 18 17:55:24 2020] GET /test_upload_dj => generated 396 bytes in 112 msecs (HTTP/1.1 200) 3 headers in 109 bytes (1 switches on core 1)
---MyMW process_request do---
---MyMW2 process_request do---
---MyMW2 process_response do---
---MyMW process_response do---
Not Found: /favicon.ico
[pid: 40085|app: 0|req: 2/2] 127.0.0.1 () {40 vars in 728 bytes} [Sat Jul 18 17:55:24 2020] GET /favicon.ico => generated 2766 bytes in 14 msecs (HTTP/1.1 404) 3 headers in 102 bytes (1 switches on core 0)
---MyMW process_request do---
---MyMW2 process_request do---
---MyMW process_view do---
---MyMW2 process_view do---
---MyMW2 process_response do---
---MyMW process_response do---
[pid: 40085|app: 0|req: 3/3] 127.0.0.1 () {44 vars in 860 bytes} [Sat Jul 18 17:55:42 2020] GET /test_upload_dj => generated 396 bytes in 1 msecs (HTTP/1.1 200) 3 headers in 109 bytes (1 switches on core 1)
[pid: 40085|app: 0|req: 4/4] 127.0.0.1 () {42 vars in 811 bytes} [Sat Jul 18 18:00:01 2020] GET /admin => generated 0 bytes in 20 msecs (HTTP/1.1 301) 3 headers in 112 bytes (1 switches on core 1)
---MyMW process_request do---
---MyMW2 process_request do---
---MyMW process_view do---
---MyMW2 process_view do---
---MyMW2 process_response do---
---MyMW process_response do---
[pid: 40085|app: 0|req: 5/5] 127.0.0.1 () {42 vars in 813 bytes} [Sat Jul 18 18:00:01 2020] GET /admin/ => generated 0 bytes in 384 msecs (HTTP/1.1 302) 7 headers in 336 bytes (1 switches on core 0)
---MyMW process_request do---
---MyMW2 process_request do---
---MyMW process_view do---
---MyMW2 process_view do---
---MyMW2 process_response do---
---MyMW process_response do---
[pid: 40085|app: 0|req: 6/6] 127.0.0.1 () {42 vars in 806 bytes} [Sat Jul 18 18:00:01 2020] GET /admin/login/?next=/admin/ => generated 1821 bytes in 6294 msecs (HTTP/1.1 200) 7 headers in 395 bytes (1 switches on core 1)
---MyMW process_request do---
---MyMW2 process_request do---
---MyMW2 process_response do---
---MyMW process_response do---
Not Found: /static/admin/css/base.css
[pid: 40085|app: 0|req: 7/7] 127.0.0.1 () {42 vars in 774 bytes} [Sat Jul 18 18:00:13 2020] GET /static/admin/css/base.css => generated 2808 bytes in 4 msecs (HTTP/1.1 404) 3 headers in 102 bytes (1 switches on core 0)
---MyMW process_request do---
---MyMW2 process_request do---
---MyMW2 process_response do---
---MyMW process_response do---
Not Found: /static/admin/css/login.css
---MyMW process_request do---
---MyMW2 process_request do---
---MyMW2 process_response do---
---MyMW process_response do---
Not Found: /static/admin/css/responsive.css
[pid: 40085|app: 0|req: 9/8] 127.0.0.1 () {42 vars in 786 bytes} [Sat Jul 18 18:00:13 2020] GET /static/admin/css/responsive.css => generated 2826 bytes in 6 msecs (HTTP/1.1 404) 3 headers in 102 bytes (1 switches on core 1)
[pid: 40085|app: 0|req: 9/9] 127.0.0.1 () {42 vars in 776 bytes} [Sat Jul 18 18:00:13 2020] GET /static/admin/css/login.css => generated 2811 bytes in 20 msecs (HTTP/1.1 404) 3 headers in 102 bytes (1 switches on core 0)
*** Starting uWSGI 2.0.18 (64bit) on [Mon Jul 20 10:42:56 2020] ***
compiled with version: 7.5.0 on 10 March 2020 05:06:23
os: Linux-4.18.0-15-generic #16~18.04.1-Ubuntu SMP Thu Feb 7 14:06:04 UTC 2019
nodename: tedu
machine: x86_64
clock source: unix
detected number of CPU cores: 2
current working directory: /home/tarena/study/month03/django/day08/mysite7
writing pidfile to uwsgi.pid
detected binary path: /usr/local/bin/uwsgi
!!! no internal routing support, rebuild with pcre support !!!
chdir() to /home/tarena/study/month03/django/day08/mysite7
your processes number limit is 15429
your memory page size is 4096 bytes
detected max file descriptor number: 1024
lock engine: pthread robust mutexes
thunder lock: disabled (you can enable it with --thunder-lock)
uwsgi socket 0 bound to TCP address 127.0.0.1:8000 fd 3
Python version: 3.6.9 (default, Apr 18 2020, 01:56:04)  [GCC 8.4.0]
Python main interpreter initialized at 0x55f53b467290
python threads support enabled
your server socket listen backlog is limited to 100 connections
your mercy for graceful operations on workers is 60 seconds
mapped 166752 bytes (162 KB) for 2 cores
*** Operational MODE: threaded ***
WSGI app 0 (mountpoint='') ready in 3 seconds on interpreter 0x55f53b467290 pid: 3978 (default app)
*** uWSGI is running in multiple interpreter mode ***
spawned uWSGI master process (pid: 3978)
spawned uWSGI worker 1 (pid: 3980, cores: 2)
---MyMW process_request do---
---MyMW2 process_request do---
---MyMW process_view do---
---MyMW2 process_view do---
---MyMW2 process_response do---
---MyMW process_response do---
[pid: 3980|app: 0|req: 1/1] 127.0.0.1 () {44 vars in 779 bytes} [Mon Jul 20 10:43:02 2020] GET /admin/ => generated 0 bytes in 1835 msecs (HTTP/1.1 302) 7 headers in 265 bytes (1 switches on core 0)
---MyMW process_request do---
---MyMW2 process_request do---
---MyMW process_view do---
---MyMW2 process_view do---
---MyMW2 process_response do---
---MyMW process_response do---
[pid: 3980|app: 0|req: 2/2] 127.0.0.1 () {42 vars in 785 bytes} [Mon Jul 20 10:43:04 2020] GET /admin/login/?next=/admin/ => generated 1821 bytes in 519 msecs (HTTP/1.1 200) 7 headers in 395 bytes (1 switches on core 1)
---MyMW process_request do---
---MyMW2 process_request do---
---MyMW process_view do---
---MyMW2 process_view do---
---MyMW2 process_response do---
---MyMW process_response do---
[pid: 3980|app: 0|req: 3/3] 127.0.0.1 () {50 vars in 991 bytes} [Mon Jul 20 10:43:32 2020] POST /admin/login/?next=/admin/ => generated 1954 bytes in 1257 msecs (HTTP/1.1 200) 7 headers in 395 bytes (1 switches on core 0)
---MyMW process_request do---
---MyMW2 process_request do---
---MyMW2 process_response do---
---MyMW process_response do---
Not Found: /adf
[pid: 3980|app: 0|req: 4/4] 127.0.0.1 () {42 vars in 742 bytes} [Mon Jul 20 10:47:29 2020] GET /adf => generated 2742 bytes in 86 msecs (HTTP/1.1 404) 3 headers in 102 bytes (1 switches on core 1)
*** Starting uWSGI 2.0.18 (64bit) on [Mon Jul 20 10:48:14 2020] ***
compiled with version: 7.5.0 on 10 March 2020 05:06:23
os: Linux-4.18.0-15-generic #16~18.04.1-Ubuntu SMP Thu Feb 7 14:06:04 UTC 2019
nodename: tedu
machine: x86_64
clock source: unix
detected number of CPU cores: 2
current working directory: /home/tarena/study/month03/django/day08/mysite7
writing pidfile to uwsgi.pid
detected binary path: /usr/local/bin/uwsgi
!!! no internal routing support, rebuild with pcre support !!!
chdir() to /home/tarena/study/month03/django/day08/mysite7
your processes number limit is 15429
your memory page size is 4096 bytes
detected max file descriptor number: 1024
lock engine: pthread robust mutexes
thunder lock: disabled (you can enable it with --thunder-lock)
probably another instance of uWSGI is running on the same address (127.0.0.1:8000).
bind(): Address already in use [core/socket.c line 769]
---MyMW process_request do---
---MyMW2 process_request do---
---MyMW2 process_response do---
---MyMW process_response do---
Not Found: /adf
[pid: 3980|app: 0|req: 5/5] 127.0.0.1 () {44 vars in 773 bytes} [Mon Jul 20 10:48:19 2020] GET /adf => generated 2742 bytes in 4 msecs (HTTP/1.1 404) 3 headers in 102 bytes (1 switches on core 0)
---MyMW process_request do---
---MyMW2 process_request do---
---MyMW2 process_response do---
---MyMW process_response do---
Not Found: /adf
[pid: 3980|app: 0|req: 6/6] 127.0.0.1 () {44 vars in 773 bytes} [Mon Jul 20 10:48:20 2020] GET /adf => generated 2742 bytes in 5 msecs (HTTP/1.1 404) 3 headers in 102 bytes (1 switches on core 1)
---MyMW process_request do---
---MyMW2 process_request do---
---MyMW2 process_response do---
---MyMW process_response do---
Not Found: /adf
[pid: 3980|app: 0|req: 7/7] 127.0.0.1 () {44 vars in 773 bytes} [Mon Jul 20 10:48:20 2020] GET /adf => generated 2742 bytes in 3 msecs (HTTP/1.1 404) 3 headers in 102 bytes (1 switches on core 0)
---MyMW process_request do---
---MyMW2 process_request do---
---MyMW2 process_response do---
---MyMW process_response do---
Not Found: /adf
[pid: 3980|app: 0|req: 8/8] 127.0.0.1 () {44 vars in 773 bytes} [Mon Jul 20 10:48:20 2020] GET /adf => generated 2742 bytes in 4 msecs (HTTP/1.1 404) 3 headers in 102 bytes (1 switches on core 1)
---MyMW process_request do---
---MyMW2 process_request do---
---MyMW2 process_response do---
---MyMW process_response do---
Not Found: /adf
[pid: 3980|app: 0|req: 9/9] 127.0.0.1 () {44 vars in 773 bytes} [Mon Jul 20 10:48:21 2020] GET /adf => generated 2742 bytes in 4 msecs (HTTP/1.1 404) 3 headers in 102 bytes (1 switches on core 0)
---MyMW process_request do---
---MyMW2 process_request do---
---MyMW2 process_response do---
---MyMW process_response do---
Not Found: /adf
[pid: 3980|app: 0|req: 10/10] 127.0.0.1 () {44 vars in 773 bytes} [Mon Jul 20 10:48:21 2020] GET /adf => generated 2742 bytes in 4 msecs (HTTP/1.1 404) 3 headers in 102 bytes (1 switches on core 1)
---MyMW process_request do---
---MyMW2 process_request do---
---MyMW2 process_response do---
---MyMW process_response do---
Not Found: /adf
[pid: 3980|app: 0|req: 11/11] 127.0.0.1 () {44 vars in 773 bytes} [Mon Jul 20 10:48:21 2020] GET /adf => generated 2742 bytes in 3 msecs (HTTP/1.1 404) 3 headers in 102 bytes (1 switches on core 0)
---MyMW process_request do---
---MyMW2 process_request do---
---MyMW2 process_response do---
---MyMW process_response do---
Not Found: /adf
[pid: 3980|app: 0|req: 12/12] 127.0.0.1 () {44 vars in 773 bytes} [Mon Jul 20 10:48:21 2020] GET /adf => generated 2742 bytes in 3 msecs (HTTP/1.1 404) 3 headers in 102 bytes (1 switches on core 1)
---MyMW process_request do---
---MyMW2 process_request do---
---MyMW2 process_response do---
---MyMW process_response do---
Not Found: /adf
[pid: 3980|app: 0|req: 13/13] 127.0.0.1 () {44 vars in 773 bytes} [Mon Jul 20 10:48:21 2020] GET /adf => generated 2742 bytes in 3 msecs (HTTP/1.1 404) 3 headers in 102 bytes (1 switches on core 0)
---MyMW process_request do---
---MyMW2 process_request do---
---MyMW2 process_response do---
---MyMW process_response do---
Not Found: /adf
[pid: 3980|app: 0|req: 14/14] 127.0.0.1 () {44 vars in 773 bytes} [Mon Jul 20 10:48:21 2020] GET /adf => generated 2742 bytes in 8 msecs (HTTP/1.1 404) 3 headers in 102 bytes (1 switches on core 1)
---MyMW process_request do---
---MyMW2 process_request do---
---MyMW2 process_response do---
---MyMW process_response do---
Not Found: /adf
[pid: 3980|app: 0|req: 15/15] 127.0.0.1 () {44 vars in 773 bytes} [Mon Jul 20 10:48:22 2020] GET /adf => generated 2742 bytes in 4 msecs (HTTP/1.1 404) 3 headers in 102 bytes (1 switches on core 0)
---MyMW process_request do---
---MyMW2 process_request do---
---MyMW process_view do---
---MyMW2 process_view do---
---MyMW2 process_response do---
---MyMW process_response do---
[pid: 3980|app: 0|req: 16/16] 127.0.0.1 () {52 vars in 1022 bytes} [Mon Jul 20 10:48:27 2020] POST /admin/login/?next=/admin/ => generated 1954 bytes in 181 msecs (HTTP/1.1 200) 7 headers in 395 bytes (1 switches on core 1)
---MyMW process_request do---
---MyMW2 process_request do---
---MyMW2 process_response do---
---MyMW process_response do---
Not Found: /asdfs
[pid: 3980|app: 0|req: 17/17] 127.0.0.1 () {42 vars in 746 bytes} [Mon Jul 20 10:48:42 2020] GET /asdfs => generated 2748 bytes in 3 msecs (HTTP/1.1 404) 3 headers in 102 bytes (1 switches on core 0)
*** Starting uWSGI 2.0.18 (64bit) on [Mon Jul 20 10:49:52 2020] ***
compiled with version: 7.5.0 on 10 March 2020 05:06:23
os: Linux-4.18.0-15-generic #16~18.04.1-Ubuntu SMP Thu Feb 7 14:06:04 UTC 2019
nodename: tedu
machine: x86_64
clock source: unix
detected number of CPU cores: 2
current working directory: /home/tarena/study/month03/django/day08/mysite7
writing pidfile to uwsgi.pid
detected binary path: /usr/local/bin/uwsgi
!!! no internal routing support, rebuild with pcre support !!!
chdir() to /home/tarena/study/month03/django/day08/mysite7
your processes number limit is 15429
your memory page size is 4096 bytes
detected max file descriptor number: 1024
lock engine: pthread robust mutexes
thunder lock: disabled (you can enable it with --thunder-lock)
probably another instance of uWSGI is running on the same address (127.0.0.1:8000).
bind(): Address already in use [core/socket.c line 769]
---MyMW process_request do---
---MyMW2 process_request do---
---MyMW2 process_response do---
---MyMW process_response do---
Not Found: /asdfs
[pid: 3980|app: 0|req: 18/18] 127.0.0.1 () {44 vars in 777 bytes} [Mon Jul 20 10:49:56 2020] GET /asdfs => generated 2748 bytes in 7 msecs (HTTP/1.1 404) 3 headers in 102 bytes (1 switches on core 1)
---MyMW process_request do---
---MyMW2 process_request do---
---MyMW2 process_response do---
---MyMW process_response do---
Not Found: /asdfs
[pid: 3980|app: 0|req: 19/19] 127.0.0.1 () {44 vars in 777 bytes} [Mon Jul 20 10:49:57 2020] GET /asdfs => generated 2748 bytes in 4 msecs (HTTP/1.1 404) 3 headers in 102 bytes (1 switches on core 0)
---MyMW process_request do---
---MyMW2 process_request do---
---MyMW2 process_response do---
---MyMW process_response do---
Not Found: /asdfs
[pid: 3980|app: 0|req: 20/20] 127.0.0.1 () {44 vars in 777 bytes} [Mon Jul 20 10:49:58 2020] GET /asdfs => generated 2748 bytes in 4 msecs (HTTP/1.1 404) 3 headers in 102 bytes (1 switches on core 1)
---MyMW process_request do---
---MyMW2 process_request do---
---MyMW2 process_response do---
---MyMW process_response do---
Not Found: /asdfs
[pid: 3980|app: 0|req: 21/21] 127.0.0.1 () {44 vars in 777 bytes} [Mon Jul 20 10:49:58 2020] GET /asdfs => generated 2748 bytes in 4 msecs (HTTP/1.1 404) 3 headers in 102 bytes (1 switches on core 0)
---MyMW process_request do---
---MyMW2 process_request do---
---MyMW2 process_response do---
---MyMW process_response do---
Not Found: /asdfs
[pid: 3980|app: 0|req: 22/22] 127.0.0.1 () {44 vars in 777 bytes} [Mon Jul 20 10:49:58 2020] GET /asdfs => generated 2748 bytes in 3 msecs (HTTP/1.1 404) 3 headers in 102 bytes (1 switches on core 1)
---MyMW process_request do---
---MyMW2 process_request do---
---MyMW2 process_response do---
---MyMW process_response do---
Not Found: /asdfs
[pid: 3980|app: 0|req: 23/23] 127.0.0.1 () {44 vars in 777 bytes} [Mon Jul 20 10:49:58 2020] GET /asdfs => generated 2748 bytes in 5 msecs (HTTP/1.1 404) 3 headers in 102 bytes (1 switches on core 0)
---MyMW process_request do---
---MyMW2 process_request do---
---MyMW2 process_response do---
---MyMW process_response do---
Not Found: /asdfs
[pid: 3980|app: 0|req: 24/24] 127.0.0.1 () {44 vars in 777 bytes} [Mon Jul 20 10:49:59 2020] GET /asdfs => generated 2748 bytes in 5 msecs (HTTP/1.1 404) 3 headers in 102 bytes (1 switches on core 1)
---MyMW process_request do---
---MyMW2 process_request do---
---MyMW2 process_response do---
---MyMW process_response do---
Not Found: /asdfs
[pid: 3980|app: 0|req: 25/25] 127.0.0.1 () {44 vars in 777 bytes} [Mon Jul 20 10:49:59 2020] GET /asdfs => generated 2748 bytes in 4 msecs (HTTP/1.1 404) 3 headers in 102 bytes (1 switches on core 0)
---MyMW process_request do---
---MyMW2 process_request do---
---MyMW2 process_response do---
---MyMW process_response do---
Not Found: /asdfs
[pid: 3980|app: 0|req: 26/26] 127.0.0.1 () {44 vars in 777 bytes} [Mon Jul 20 10:49:59 2020] GET /asdfs => generated 2748 bytes in 3 msecs (HTTP/1.1 404) 3 headers in 102 bytes (1 switches on core 1)
---MyMW process_request do---
---MyMW2 process_request do---
---MyMW2 process_response do---
---MyMW process_response do---
Not Found: /asdfs
[pid: 3980|app: 0|req: 27/27] 127.0.0.1 () {44 vars in 777 bytes} [Mon Jul 20 10:49:59 2020] GET /asdfs => generated 2748 bytes in 3 msecs (HTTP/1.1 404) 3 headers in 102 bytes (1 switches on core 0)
---MyMW process_request do---
---MyMW2 process_request do---
---MyMW2 process_response do---
---MyMW process_response do---
Not Found: /asdfs
[pid: 3980|app: 0|req: 28/28] 127.0.0.1 () {44 vars in 777 bytes} [Mon Jul 20 10:50:00 2020] GET /asdfs => generated 2748 bytes in 3 msecs (HTTP/1.1 404) 3 headers in 102 bytes (1 switches on core 1)
---MyMW process_request do---
---MyMW2 process_request do---
---MyMW2 process_response do---
---MyMW process_response do---
Not Found: /asdfs
[pid: 3980|app: 0|req: 29/29] 127.0.0.1 () {44 vars in 777 bytes} [Mon Jul 20 10:50:00 2020] GET /asdfs => generated 2748 bytes in 3 msecs (HTTP/1.1 404) 3 headers in 102 bytes (1 switches on core 0)
---MyMW process_request do---
---MyMW2 process_request do---
---MyMW2 process_response do---
---MyMW process_response do---
Not Found: /asdfs
[pid: 3980|app: 0|req: 30/30] 127.0.0.1 () {44 vars in 777 bytes} [Mon Jul 20 10:50:00 2020] GET /asdfs => generated 2748 bytes in 5 msecs (HTTP/1.1 404) 3 headers in 102 bytes (1 switches on core 1)
---MyMW process_request do---
---MyMW2 process_request do---
---MyMW2 process_response do---
---MyMW process_response do---
Not Found: /asdfs
[pid: 3980|app: 0|req: 31/31] 127.0.0.1 () {44 vars in 777 bytes} [Mon Jul 20 10:50:00 2020] GET /asdfs => generated 2748 bytes in 4 msecs (HTTP/1.1 404) 3 headers in 102 bytes (1 switches on core 0)
---MyMW process_request do---
---MyMW2 process_request do---
---MyMW2 process_response do---
---MyMW process_response do---
Not Found: /asdfs
[pid: 3980|app: 0|req: 32/32] 127.0.0.1 () {44 vars in 777 bytes} [Mon Jul 20 10:50:00 2020] GET /asdfs => generated 2748 bytes in 3 msecs (HTTP/1.1 404) 3 headers in 102 bytes (1 switches on core 1)
---MyMW process_request do---
---MyMW2 process_request do---
---MyMW2 process_response do---
---MyMW process_response do---
Not Found: /asdfs
[pid: 3980|app: 0|req: 33/33] 127.0.0.1 () {44 vars in 777 bytes} [Mon Jul 20 10:50:01 2020] GET /asdfs => generated 2748 bytes in 3 msecs (HTTP/1.1 404) 3 headers in 102 bytes (1 switches on core 0)
---MyMW process_request do---
---MyMW2 process_request do---
---MyMW2 process_response do---
---MyMW process_response do---
Not Found: /asdfs
[pid: 3980|app: 0|req: 34/34] 127.0.0.1 () {44 vars in 777 bytes} [Mon Jul 20 10:50:01 2020] GET /asdfs => generated 2748 bytes in 3 msecs (HTTP/1.1 404) 3 headers in 102 bytes (1 switches on core 1)
---MyMW process_request do---
---MyMW2 process_request do---
---MyMW2 process_response do---
---MyMW process_response do---
Not Found: /asdfs
[pid: 3980|app: 0|req: 35/35] 127.0.0.1 () {44 vars in 777 bytes} [Mon Jul 20 10:50:01 2020] GET /asdfs => generated 2748 bytes in 7 msecs (HTTP/1.1 404) 3 headers in 102 bytes (1 switches on core 0)
---MyMW process_request do---
---MyMW2 process_request do---
---MyMW2 process_response do---
---MyMW process_response do---
Not Found: /asdfs
[pid: 3980|app: 0|req: 36/36] 127.0.0.1 () {44 vars in 777 bytes} [Mon Jul 20 10:50:01 2020] GET /asdfs => generated 2748 bytes in 10 msecs (HTTP/1.1 404) 3 headers in 102 bytes (1 switches on core 1)
---MyMW process_request do---
---MyMW2 process_request do---
---MyMW2 process_response do---
---MyMW process_response do---
Not Found: /asdfs
[pid: 3980|app: 0|req: 37/37] 127.0.0.1 () {44 vars in 777 bytes} [Mon Jul 20 10:50:02 2020] GET /asdfs => generated 2748 bytes in 4 msecs (HTTP/1.1 404) 3 headers in 102 bytes (1 switches on core 0)
---MyMW process_request do---
---MyMW2 process_request do---
---MyMW2 process_response do---
---MyMW process_response do---
Not Found: /asdfs
[pid: 3980|app: 0|req: 38/38] 127.0.0.1 () {44 vars in 777 bytes} [Mon Jul 20 10:50:02 2020] GET /asdfs => generated 2748 bytes in 4 msecs (HTTP/1.1 404) 3 headers in 102 bytes (1 switches on core 1)
---MyMW process_request do---
---MyMW2 process_request do---
---MyMW2 process_response do---
---MyMW process_response do---
Not Found: /asdfs
[pid: 3980|app: 0|req: 39/39] 127.0.0.1 () {44 vars in 777 bytes} [Mon Jul 20 10:50:02 2020] GET /asdfs => generated 2748 bytes in 3 msecs (HTTP/1.1 404) 3 headers in 102 bytes (1 switches on core 0)
---MyMW process_request do---
---MyMW2 process_request do---
---MyMW2 process_response do---
---MyMW process_response do---
Not Found: /asdfs
[pid: 3980|app: 0|req: 40/40] 127.0.0.1 () {44 vars in 777 bytes} [Mon Jul 20 10:50:02 2020] GET /asdfs => generated 2748 bytes in 4 msecs (HTTP/1.1 404) 3 headers in 102 bytes (1 switches on core 1)
---MyMW process_request do---
---MyMW2 process_request do---
---MyMW2 process_response do---
---MyMW process_response do---
Not Found: /asdfs
[pid: 3980|app: 0|req: 41/41] 127.0.0.1 () {44 vars in 777 bytes} [Mon Jul 20 10:50:02 2020] GET /asdfs => generated 2748 bytes in 4 msecs (HTTP/1.1 404) 3 headers in 102 bytes (1 switches on core 0)
---MyMW process_request do---
---MyMW2 process_request do---
---MyMW2 process_response do---
---MyMW process_response do---
Not Found: /asdfs
[pid: 3980|app: 0|req: 42/42] 127.0.0.1 () {44 vars in 777 bytes} [Mon Jul 20 10:50:03 2020] GET /asdfs => generated 2748 bytes in 4 msecs (HTTP/1.1 404) 3 headers in 102 bytes (1 switches on core 1)
---MyMW process_request do---
---MyMW2 process_request do---
---MyMW2 process_response do---
---MyMW process_response do---
Not Found: /asdfs
[pid: 3980|app: 0|req: 43/43] 127.0.0.1 () {44 vars in 777 bytes} [Mon Jul 20 10:50:03 2020] GET /asdfs => generated 2748 bytes in 4 msecs (HTTP/1.1 404) 3 headers in 102 bytes (1 switches on core 0)
---MyMW process_request do---
---MyMW2 process_request do---
---MyMW2 process_response do---
---MyMW process_response do---
Not Found: /asdfs
[pid: 3980|app: 0|req: 44/44] 127.0.0.1 () {44 vars in 777 bytes} [Mon Jul 20 10:50:03 2020] GET /asdfs => generated 2748 bytes in 5 msecs (HTTP/1.1 404) 3 headers in 102 bytes (1 switches on core 1)
---MyMW process_request do---
---MyMW2 process_request do---
---MyMW2 process_response do---
---MyMW process_response do---
Not Found: /asdfs
[pid: 3980|app: 0|req: 45/45] 127.0.0.1 () {44 vars in 777 bytes} [Mon Jul 20 10:50:03 2020] GET /asdfs => generated 2748 bytes in 4 msecs (HTTP/1.1 404) 3 headers in 102 bytes (1 switches on core 0)
---MyMW process_request do---
---MyMW2 process_request do---
---MyMW process_view do---
---MyMW2 process_view do---
---MyMW2 process_response do---
---MyMW process_response do---
[pid: 3980|app: 0|req: 46/46] 127.0.0.1 () {52 vars in 1022 bytes} [Mon Jul 20 10:50:07 2020] POST /admin/login/?next=/admin/ => generated 1954 bytes in 194 msecs (HTTP/1.1 200) 7 headers in 395 bytes (1 switches on core 1)
---MyMW process_request do---
---MyMW2 process_request do---
---MyMW2 process_response do---
---MyMW process_response do---
Not Found: /ad
[pid: 3980|app: 0|req: 47/47] 127.0.0.1 () {42 vars in 740 bytes} [Mon Jul 20 10:50:14 2020] GET /ad => generated 2739 bytes in 6 msecs (HTTP/1.1 404) 3 headers in 102 bytes (1 switches on core 0)
---MyMW process_request do---
---MyMW2 process_request do---
---MyMW2 process_response do---
---MyMW process_response do---
Not Found: /ad
[pid: 3980|app: 0|req: 48/48] 127.0.0.1 () {44 vars in 771 bytes} [Mon Jul 20 10:50:20 2020] GET /ad => generated 2739 bytes in 12 msecs (HTTP/1.1 404) 3 headers in 102 bytes (1 switches on core 1)
---MyMW process_request do---
---MyMW2 process_request do---
---MyMW2 process_response do---
---MyMW process_response do---
Not Found: /ad
[pid: 3980|app: 0|req: 49/49] 127.0.0.1 () {44 vars in 771 bytes} [Mon Jul 20 10:50:20 2020] GET /ad => generated 2739 bytes in 3 msecs (HTTP/1.1 404) 3 headers in 102 bytes (1 switches on core 0)
---MyMW process_request do---
---MyMW2 process_request do---
---MyMW2 process_response do---
---MyMW process_response do---
Not Found: /ad
[pid: 3980|app: 0|req: 50/50] 127.0.0.1 () {44 vars in 771 bytes} [Mon Jul 20 10:50:21 2020] GET /ad => generated 2739 bytes in 3 msecs (HTTP/1.1 404) 3 headers in 102 bytes (1 switches on core 1)
*** Starting uWSGI 2.0.18 (64bit) on [Mon Jul 20 10:52:09 2020] ***
compiled with version: 7.5.0 on 10 March 2020 05:06:23
os: Linux-4.18.0-15-generic #16~18.04.1-Ubuntu SMP Thu Feb 7 14:06:04 UTC 2019
nodename: tedu
machine: x86_64
clock source: unix
detected number of CPU cores: 2
current working directory: /home/tarena/study/month03/django/day08/mysite7
writing pidfile to uwsgi.pid
detected binary path: /usr/local/bin/uwsgi
!!! no internal routing support, rebuild with pcre support !!!
chdir() to /home/tarena/study/month03/django/day08/mysite7
your processes number limit is 15429
your memory page size is 4096 bytes
detected max file descriptor number: 1024
lock engine: pthread robust mutexes
thunder lock: disabled (you can enable it with --thunder-lock)
uwsgi socket 0 bound to TCP address 127.0.0.1:8000 fd 3
Python version: 3.6.9 (default, Apr 18 2020, 01:56:04)  [GCC 8.4.0]
Python main interpreter initialized at 0x562225279290
python threads support enabled
your server socket listen backlog is limited to 100 connections
your mercy for graceful operations on workers is 60 seconds
mapped 166752 bytes (162 KB) for 2 cores
*** Operational MODE: threaded ***
WSGI app 0 (mountpoint='') ready in 0 seconds on interpreter 0x562225279290 pid: 4099 (default app)
*** uWSGI is running in multiple interpreter mode ***
spawned uWSGI master process (pid: 4099)
spawned uWSGI worker 1 (pid: 4101, cores: 2)
---MyMW process_request do---
---MyMW2 process_request do---
---MyMW2 process_response do---
---MyMW process_response do---
[pid: 4101|app: 0|req: 1/1] 127.0.0.1 () {44 vars in 771 bytes} [Mon Jul 20 10:52:13 2020] GET /ad => generated 77 bytes in 57 msecs (HTTP/1.1 404) 3 headers in 100 bytes (1 switches on core 0)
---MyMW process_request do---
---MyMW2 process_request do---
---MyMW2 process_response do---
---MyMW process_response do---
[pid: 4101|app: 0|req: 2/2] 127.0.0.1 () {44 vars in 771 bytes} [Mon Jul 20 11:06:05 2020] GET /ad => generated 77 bytes in 2 msecs (HTTP/1.1 404) 3 headers in 100 bytes (1 switches on core 1)
---MyMW process_request do---
---MyMW2 process_request do---
---MyMW2 process_response do---
---MyMW process_response do---
[pid: 4101|app: 0|req: 3/3] 127.0.0.1 () {44 vars in 771 bytes} [Mon Jul 20 11:06:05 2020] GET /ad => generated 77 bytes in 1 msecs (HTTP/1.1 404) 3 headers in 100 bytes (1 switches on core 1)
---MyMW process_request do---
---MyMW2 process_request do---
---MyMW2 process_response do---
---MyMW process_response do---
[pid: 4101|app: 0|req: 4/4] 127.0.0.1 () {44 vars in 771 bytes} [Mon Jul 20 11:06:06 2020] GET /ad => generated 77 bytes in 1 msecs (HTTP/1.1 404) 3 headers in 100 bytes (1 switches on core 0)
---MyMW process_request do---
---MyMW2 process_request do---
---MyMW2 process_response do---
---MyMW process_response do---
[pid: 4101|app: 0|req: 5/5] 127.0.0.1 () {44 vars in 771 bytes} [Mon Jul 20 11:06:06 2020] GET /ad => generated 77 bytes in 1 msecs (HTTP/1.1 404) 3 headers in 100 bytes (1 switches on core 1)
---MyMW process_request do---
---MyMW2 process_request do---
---MyMW2 process_response do---
---MyMW process_response do---
[pid: 4101|app: 0|req: 6/6] 127.0.0.1 () {44 vars in 771 bytes} [Mon Jul 20 11:06:06 2020] GET /ad => generated 77 bytes in 1 msecs (HTTP/1.1 404) 3 headers in 100 bytes (1 switches on core 1)
---MyMW process_request do---
---MyMW2 process_request do---
---MyMW2 process_response do---
---MyMW process_response do---
[pid: 4101|app: 0|req: 7/7] 127.0.0.1 () {44 vars in 771 bytes} [Mon Jul 20 11:06:06 2020] GET /ad => generated 77 bytes in 1 msecs (HTTP/1.1 404) 3 headers in 100 bytes (1 switches on core 0)
---MyMW process_request do---
---MyMW2 process_request do---
---MyMW2 process_response do---
---MyMW process_response do---
[pid: 4101|app: 0|req: 8/8] 127.0.0.1 () {44 vars in 771 bytes} [Mon Jul 20 11:06:07 2020] GET /ad => generated 77 bytes in 2 msecs (HTTP/1.1 404) 3 headers in 100 bytes (1 switches on core 1)
---MyMW process_request do---
---MyMW2 process_request do---
---MyMW2 process_response do---
---MyMW process_response do---
[pid: 4101|app: 0|req: 9/9] 127.0.0.1 () {44 vars in 771 bytes} [Mon Jul 20 11:06:07 2020] GET /ad => generated 77 bytes in 1 msecs (HTTP/1.1 404) 3 headers in 100 bytes (1 switches on core 0)
---MyMW process_request do---
---MyMW2 process_request do---
---MyMW2 process_response do---
---MyMW process_response do---
[pid: 4101|app: 0|req: 10/10] 127.0.0.1 () {44 vars in 771 bytes} [Mon Jul 20 11:06:07 2020] GET /ad => generated 77 bytes in 2 msecs (HTTP/1.1 404) 3 headers in 100 bytes (1 switches on core 0)
---MyMW process_request do---
---MyMW2 process_request do---
---MyMW2 process_response do---
---MyMW process_response do---
[pid: 4101|app: 0|req: 11/11] 127.0.0.1 () {44 vars in 771 bytes} [Mon Jul 20 11:06:07 2020] GET /ad => generated 77 bytes in 1 msecs (HTTP/1.1 404) 3 headers in 100 bytes (1 switches on core 1)
---MyMW process_request do---
---MyMW2 process_request do---
---MyMW2 process_response do---
---MyMW process_response do---
[pid: 4101|app: 0|req: 12/12] 127.0.0.1 () {44 vars in 771 bytes} [Mon Jul 20 11:06:07 2020] GET /ad => generated 77 bytes in 3 msecs (HTTP/1.1 404) 3 headers in 100 bytes (1 switches on core 0)
---MyMW process_request do---
---MyMW2 process_request do---
---MyMW2 process_response do---
---MyMW process_response do---
[pid: 4101|app: 0|req: 13/13] 127.0.0.1 () {44 vars in 771 bytes} [Mon Jul 20 11:06:08 2020] GET /ad => generated 77 bytes in 1 msecs (HTTP/1.1 404) 3 headers in 100 bytes (1 switches on core 0)
---MyMW process_request do---
---MyMW2 process_request do---
---MyMW2 process_response do---
---MyMW process_response do---
[pid: 4101|app: 0|req: 14/14] 127.0.0.1 () {44 vars in 771 bytes} [Mon Jul 20 11:06:08 2020] GET /ad => generated 77 bytes in 1 msecs (HTTP/1.1 404) 3 headers in 100 bytes (1 switches on core 0)
---MyMW process_request do---
---MyMW2 process_request do---
---MyMW2 process_response do---
---MyMW process_response do---
[pid: 4101|app: 0|req: 15/15] 127.0.0.1 () {44 vars in 771 bytes} [Mon Jul 20 11:06:08 2020] GET /ad => generated 77 bytes in 1 msecs (HTTP/1.1 404) 3 headers in 100 bytes (1 switches on core 0)
---MyMW process_request do---
---MyMW2 process_request do---
---MyMW2 process_response do---
---MyMW process_response do---
[pid: 4101|app: 0|req: 16/16] 127.0.0.1 () {44 vars in 771 bytes} [Mon Jul 20 11:06:09 2020] GET /ad => generated 77 bytes in 1 msecs (HTTP/1.1 404) 3 headers in 100 bytes (1 switches on core 0)
SIGINT/SIGQUIT received...killing workers...
worker 1 buried after 1 seconds
goodbye to uWSGI.
*** Starting uWSGI 2.0.18 (64bit) on [Mon Jul 20 11:09:53 2020] ***
compiled with version: 7.5.0 on 10 March 2020 05:06:23
os: Linux-4.18.0-15-generic #16~18.04.1-Ubuntu SMP Thu Feb 7 14:06:04 UTC 2019
nodename: tedu
machine: x86_64
clock source: unix
detected number of CPU cores: 2
current working directory: /home/tarena/study/month03/django/day08/mysite7
writing pidfile to uwsgi.pid
detected binary path: /usr/local/bin/uwsgi
!!! no internal routing support, rebuild with pcre support !!!
chdir() to /home/tarena/study/month03/django/day08/mysite7
your processes number limit is 15429
your memory page size is 4096 bytes
detected max file descriptor number: 1024
lock engine: pthread robust mutexes
thunder lock: disabled (you can enable it with --thunder-lock)
uwsgi socket 0 bound to TCP address 127.0.0.1:8000 fd 3
Python version: 3.6.9 (default, Apr 18 2020, 01:56:04)  [GCC 8.4.0]
Python main interpreter initialized at 0x5561bb9dc290
python threads support enabled
your server socket listen backlog is limited to 100 connections
your mercy for graceful operations on workers is 60 seconds
mapped 166752 bytes (162 KB) for 2 cores
*** Operational MODE: threaded ***
WSGI app 0 (mountpoint='') ready in 1 seconds on interpreter 0x5561bb9dc290 pid: 4701 (default app)
*** uWSGI is running in multiple interpreter mode ***
spawned uWSGI master process (pid: 4701)
spawned uWSGI worker 1 (pid: 4703, cores: 2)
---MyMW process_request do---
---MyMW2 process_request do---
---MyMW2 process_response do---
---MyMW process_response do---
[pid: 4703|app: 0|req: 1/1] 127.0.0.1 () {44 vars in 771 bytes} [Mon Jul 20 11:09:59 2020] GET /ad => generated 178 bytes in 84 msecs (HTTP/1.1 404) 3 headers in 116 bytes (1 switches on core 0)
